# JRE version: OpenJDK Runtime Environment Zulu21.40+17-CA (21.0.6+7) (build 21.0.6+7-LTS)
# Java VM: OpenJDK 64-Bit Server VM Zulu21.40+17-CA (21.0.6+7-LTS, mixed mode, sharing, tiered, compressed oops, compressed class ptrs, g1 gc, windows-amd64)
GC Precious Log:
 CardTable entry size: 512
 Card Set container configuration: InlinePtr #cards 4 size 8 Array Of Cards #cards 16 size 48 Howl #buckets 8 coarsen threshold 3686 Howl Bitmap #cards 512 size 80 coarsen threshold 460 Card regions per heap region 1 cards per card region 4096
 CPUs: 12 total, 12 available
 Memory: 15753M
 Large Page Support: Disabled
 NUMA Support: Disabled
 Compressed Oops: Enabled (Zero based)
 Heap Region Size: 2M
 Heap Min Capacity: 8M
 Heap Initial Capacity: 248M
 Heap Max Capacity: 3940M
 Pre-touch: Disabled
 Parallel Workers: 10
 Concurrent Workers: 3
 Concurrent Refinement Workers: 10
 Periodic GC: Disabled
Heap:
 garbage-first heap   total 401408K, used 265224K [0x0000000709c00000, 0x0000000800000000)
  region size 2048K, 4 young (8192K), 4 survivors (8192K)
 Metaspace       used 80079K, committed 80832K, reserved 1179648K
  class space    used 10697K, committed 11072K, reserved 1048576K
GC Heap History (20 events):
Event: 9.587 GC heap after
{Heap after GC invocations=24 (full 0):
 garbage-first heap   total 200704K, used 58294K [0x0000000709c00000, 0x0000000800000000)
  region size 2048K, 2 young (4096K), 2 survivors (4096K)
 Metaspace       used 72614K, committed 73280K, reserved 1114112K
  class space    used 9697K, committed 9984K, reserved 1048576K
}
Event: 9.749 GC heap before
{Heap before GC invocations=24 (full 0):
 garbage-first heap   total 200704K, used 138166K [0x0000000709c00000, 0x0000000800000000)
  region size 2048K, 41 young (83968K), 2 survivors (4096K)
 Metaspace       used 72622K, committed 73280K, reserved 1114112K
  class space    used 9697K, committed 9984K, reserved 1048576K
}
Event: 9.755 GC heap after
{Heap after GC invocations=25 (full 0):
 garbage-first heap   total 200704K, used 61966K [0x0000000709c00000, 0x0000000800000000)
  region size 2048K, 4 young (8192K), 4 survivors (8192K)
 Metaspace       used 72622K, committed 73280K, reserved 1114112K
  class space    used 9697K, committed 9984K, reserved 1048576K
}
Event: 10.029 GC heap before
{Heap before GC invocations=25 (full 0):
 garbage-first heap   total 200704K, used 166414K [0x0000000709c00000, 0x0000000800000000)
  region size 2048K, 55 young (112640K), 4 survivors (8192K)
 Metaspace       used 74124K, committed 74816K, reserved 1114112K
  class space    used 9879K, committed 10176K, reserved 1048576K
}
Event: 10.036 GC heap after
{Heap after GC invocations=26 (full 0):
 garbage-first heap   total 200704K, used 67793K [0x0000000709c00000, 0x0000000800000000)
  region size 2048K, 6 young (12288K), 6 survivors (12288K)
 Metaspace       used 74124K, committed 74816K, reserved 1114112K
  class space    used 9879K, committed 10176K, reserved 1048576K
}
Event: 10.171 GC heap before
{Heap before GC invocations=26 (full 0):
 garbage-first heap   total 200704K, used 147665K [0x0000000709c00000, 0x0000000800000000)
  region size 2048K, 46 young (94208K), 6 survivors (12288K)
 Metaspace       used 74124K, committed 74816K, reserved 1114112K
  class space    used 9879K, committed 10176K, reserved 1048576K
}
Event: 10.190 GC heap after
{Heap after GC invocations=27 (full 0):
 garbage-first heap   total 200704K, used 93045K [0x0000000709c00000, 0x0000000800000000)
  region size 2048K, 7 young (14336K), 7 survivors (14336K)
 Metaspace       used 74124K, committed 74816K, reserved 1114112K
  class space    used 9879K, committed 10176K, reserved 1048576K
}
Event: 10.321 GC heap before
{Heap before GC invocations=28 (full 0):
 garbage-first heap   total 200704K, used 156533K [0x0000000709c00000, 0x0000000800000000)
  region size 2048K, 38 young (77824K), 7 survivors (14336K)
 Metaspace       used 74126K, committed 74816K, reserved 1114112K
  class space    used 9879K, committed 10176K, reserved 1048576K
}
Event: 10.341 GC heap after
{Heap after GC invocations=29 (full 0):
 garbage-first heap   total 200704K, used 117153K [0x0000000709c00000, 0x0000000800000000)
  region size 2048K, 5 young (10240K), 5 survivors (10240K)
 Metaspace       used 74126K, committed 74816K, reserved 1114112K
  class space    used 9879K, committed 10176K, reserved 1048576K
}
Event: 10.430 GC heap before
{Heap before GC invocations=29 (full 0):
 garbage-first heap   total 200704K, used 162209K [0x0000000709c00000, 0x0000000800000000)
  region size 2048K, 27 young (55296K), 5 survivors (10240K)
 Metaspace       used 74126K, committed 74816K, reserved 1114112K
  class space    used 9879K, committed 10176K, reserved 1048576K
}
Event: 10.447 GC heap after
{Heap after GC invocations=30 (full 0):
 garbage-first heap   total 401408K, used 111443K [0x0000000709c00000, 0x0000000800000000)
  region size 2048K, 4 young (8192K), 4 survivors (8192K)
 Metaspace       used 74126K, committed 74816K, reserved 1114112K
  class space    used 9879K, committed 10176K, reserved 1048576K
}
Event: 10.759 GC heap before
{Heap before GC invocations=30 (full 0):
 garbage-first heap   total 401408K, used 295763K [0x0000000709c00000, 0x0000000800000000)
  region size 2048K, 93 young (190464K), 4 survivors (8192K)
 Metaspace       used 74126K, committed 74816K, reserved 1114112K
  class space    used 9879K, committed 10176K, reserved 1048576K
}
Event: 10.799 GC heap after
{Heap after GC invocations=31 (full 0):
 garbage-first heap   total 401408K, used 158304K [0x0000000709c00000, 0x0000000800000000)
  region size 2048K, 12 young (24576K), 12 survivors (24576K)
 Metaspace       used 74126K, committed 74816K, reserved 1114112K
  class space    used 9879K, committed 10176K, reserved 1048576K
}
Event: 10.924 GC heap before
{Heap before GC invocations=31 (full 0):
 garbage-first heap   total 401408K, used 238176K [0x0000000709c00000, 0x0000000800000000)
  region size 2048K, 52 young (106496K), 12 survivors (24576K)
 Metaspace       used 74126K, committed 74816K, reserved 1114112K
  class space    used 9879K, committed 10176K, reserved 1048576K
}
Event: 10.956 GC heap after
{Heap after GC invocations=32 (full 0):
 garbage-first heap   total 401408K, used 187312K [0x0000000709c00000, 0x0000000800000000)
  region size 2048K, 10 young (20480K), 10 survivors (20480K)
 Metaspace       used 74126K, committed 74816K, reserved 1114112K
  class space    used 9879K, committed 10176K, reserved 1048576K
}
Event: 11.180 GC heap before
{Heap before GC invocations=33 (full 0):
 garbage-first heap   total 401408K, used 302000K [0x0000000709c00000, 0x0000000800000000)
  region size 2048K, 65 young (133120K), 10 survivors (20480K)
 Metaspace       used 74126K, committed 74816K, reserved 1114112K
  class space    used 9879K, committed 10176K, reserved 1048576K
}
Event: 11.212 GC heap after
{Heap after GC invocations=34 (full 0):
 garbage-first heap   total 401408K, used 234496K [0x0000000709c00000, 0x0000000800000000)
  region size 2048K, 9 young (18432K), 9 survivors (18432K)
 Metaspace       used 74126K, committed 74816K, reserved 1114112K
  class space    used 9879K, committed 10176K, reserved 1048576K
}
Event: 11.354 GC heap before
{Heap before GC invocations=34 (full 0):
 garbage-first heap   total 401408K, used 322560K [0x0000000709c00000, 0x0000000800000000)
  region size 2048K, 52 young (106496K), 9 survivors (18432K)
 Metaspace       used 74126K, committed 74816K, reserved 1114112K
  class space    used 9879K, committed 10176K, reserved 1048576K
}
Event: 11.378 GC heap after
{Heap after GC invocations=35 (full 0):
 garbage-first heap   total 401408K, used 255692K [0x0000000709c00000, 0x0000000800000000)
  region size 2048K, 7 young (14336K), 7 survivors (14336K)
 Metaspace       used 74126K, committed 74816K, reserved 1114112K
  class space    used 9879K, committed 10176K, reserved 1048576K
}
Event: 12.657 GC heap before
{Heap before GC invocations=35 (full 0):
 garbage-first heap   total 401408K, used 333516K [0x0000000709c00000, 0x0000000800000000)
  region size 2048K, 45 young (92160K), 7 survivors (14336K)
 Metaspace       used 80079K, committed 80832K, reserved 1179648K
  class space    used 10697K, committed 11072K, reserved 1048576K
}

