# JRE version: OpenJDK Runtime Environment Zulu21.40+17-CA (21.0.6+7) (build 21.0.6+7-LTS)
# Java VM: OpenJDK 64-Bit Server VM Zulu21.40+17-CA (21.0.6+7-LTS, mixed mode, sharing, tiered, compressed oops, compressed class ptrs, g1 gc, windows-amd64)
GC Precious Log:
 CardTable entry size: 512
 Card Set container configuration: InlinePtr #cards 4 size 8 Array Of Cards #cards 16 size 48 Howl #buckets 8 coarsen threshold 3686 Howl Bitmap #cards 512 size 80 coarsen threshold 460 Card regions per heap region 1 cards per card region 4096
 CPUs: 12 total, 12 available
 Memory: 15753M
 Large Page Support: Disabled
 NUMA Support: Disabled
 Compressed Oops: Enabled (Zero based)
 Heap Region Size: 2M
 Heap Min Capacity: 8M
 Heap Initial Capacity: 248M
 Heap Max Capacity: 3940M
 Pre-touch: Disabled
 Parallel Workers: 10
 Concurrent Workers: 3
 Concurrent Refinement Workers: 10
 Periodic GC: Disabled
Heap:
 garbage-first heap   total 161792K, used 119881K [0x0000000709c00000, 0x0000000800000000)
  region size 2048K, 25 young (51200K), 3 survivors (6144K)
 Metaspace       used 87347K, committed 88064K, reserved 1179648K
  class space    used 11492K, committed 11840K, reserved 1048576K
GC Heap History (20 events):
Event: 6.232 GC heap before
{Heap before GC invocations=9 (full 0):
 garbage-first heap   total 59392K, used 47150K [0x0000000709c00000, 0x0000000800000000)
  region size 2048K, 14 young (28672K), 2 survivors (4096K)
 Metaspace       used 52142K, committed 52672K, reserved 1114112K
  class space    used 6600K, committed 6848K, reserved 1048576K
}
Event: 6.237 GC heap after
{Heap after GC invocations=10 (full 0):
 garbage-first heap   total 59392K, used 24099K [0x0000000709c00000, 0x0000000800000000)
  region size 2048K, 2 young (4096K), 2 survivors (4096K)
 Metaspace       used 52142K, committed 52672K, reserved 1114112K
  class space    used 6600K, committed 6848K, reserved 1048576K
}
Event: 6.682 GC heap before
{Heap before GC invocations=10 (full 0):
 garbage-first heap   total 59392K, used 48675K [0x0000000709c00000, 0x0000000800000000)
  region size 2048K, 14 young (28672K), 2 survivors (4096K)
 Metaspace       used 59324K, committed 59840K, reserved 1114112K
  class space    used 7560K, committed 7808K, reserved 1048576K
}
Event: 6.686 GC heap after
{Heap after GC invocations=11 (full 0):
 garbage-first heap   total 59392K, used 25750K [0x0000000709c00000, 0x0000000800000000)
  region size 2048K, 1 young (2048K), 1 survivors (2048K)
 Metaspace       used 59324K, committed 59840K, reserved 1114112K
  class space    used 7560K, committed 7808K, reserved 1048576K
}
Event: 6.699 GC heap before
{Heap before GC invocations=11 (full 0):
 garbage-first heap   total 59392K, used 25750K [0x0000000709c00000, 0x0000000800000000)
  region size 2048K, 2 young (4096K), 1 survivors (2048K)
 Metaspace       used 59509K, committed 60096K, reserved 1114112K
  class space    used 7603K, committed 7872K, reserved 1048576K
}
Event: 6.701 GC heap after
{Heap after GC invocations=12 (full 0):
 garbage-first heap   total 59392K, used 25553K [0x0000000709c00000, 0x0000000800000000)
  region size 2048K, 1 young (2048K), 1 survivors (2048K)
 Metaspace       used 59509K, committed 60096K, reserved 1114112K
  class space    used 7603K, committed 7872K, reserved 1048576K
}
Event: 7.230 GC heap before
{Heap before GC invocations=13 (full 0):
 garbage-first heap   total 59392K, used 48081K [0x0000000709c00000, 0x0000000800000000)
  region size 2048K, 13 young (26624K), 1 survivors (2048K)
 Metaspace       used 64597K, committed 65280K, reserved 1114112K
  class space    used 8396K, committed 8704K, reserved 1048576K
}
Event: 7.234 GC heap after
{Heap after GC invocations=14 (full 0):
 garbage-first heap   total 157696K, used 26761K [0x0000000709c00000, 0x0000000800000000)
  region size 2048K, 2 young (4096K), 2 survivors (4096K)
 Metaspace       used 64597K, committed 65280K, reserved 1114112K
  class space    used 8396K, committed 8704K, reserved 1048576K
}
Event: 8.339 GC heap before
{Heap before GC invocations=14 (full 0):
 garbage-first heap   total 157696K, used 116873K [0x0000000709c00000, 0x0000000800000000)
  region size 2048K, 46 young (94208K), 2 survivors (4096K)
 Metaspace       used 70850K, committed 71488K, reserved 1114112K
  class space    used 9320K, committed 9600K, reserved 1048576K
}
Event: 8.345 GC heap after
{Heap after GC invocations=15 (full 0):
 garbage-first heap   total 157696K, used 29950K [0x0000000709c00000, 0x0000000800000000)
  region size 2048K, 4 young (8192K), 4 survivors (8192K)
 Metaspace       used 70850K, committed 71488K, reserved 1114112K
  class space    used 9320K, committed 9600K, reserved 1048576K
}
Event: 8.691 GC heap before
{Heap before GC invocations=15 (full 0):
 garbage-first heap   total 157696K, used 115966K [0x0000000709c00000, 0x0000000800000000)
  region size 2048K, 46 young (94208K), 4 survivors (8192K)
 Metaspace       used 72756K, committed 73408K, reserved 1114112K
  class space    used 9698K, committed 9984K, reserved 1048576K
}
Event: 8.704 GC heap after
{Heap after GC invocations=16 (full 0):
 garbage-first heap   total 157696K, used 42314K [0x0000000709c00000, 0x0000000800000000)
  region size 2048K, 6 young (12288K), 6 survivors (12288K)
 Metaspace       used 72756K, committed 73408K, reserved 1114112K
  class space    used 9698K, committed 9984K, reserved 1048576K
}
Event: 8.822 GC heap before
{Heap before GC invocations=16 (full 0):
 garbage-first heap   total 157696K, used 124234K [0x0000000709c00000, 0x0000000800000000)
  region size 2048K, 46 young (94208K), 6 survivors (12288K)
 Metaspace       used 72773K, committed 73408K, reserved 1114112K
  class space    used 9698K, committed 9984K, reserved 1048576K
}
Event: 8.844 GC heap after
{Heap after GC invocations=17 (full 0):
 garbage-first heap   total 161792K, used 67407K [0x0000000709c00000, 0x0000000800000000)
  region size 2048K, 6 young (12288K), 6 survivors (12288K)
 Metaspace       used 72773K, committed 73408K, reserved 1114112K
  class space    used 9698K, committed 9984K, reserved 1048576K
}
Event: 8.932 GC heap before
{Heap before GC invocations=17 (full 0):
 garbage-first heap   total 161792K, used 130895K [0x0000000709c00000, 0x0000000800000000)
  region size 2048K, 37 young (75776K), 6 survivors (12288K)
 Metaspace       used 72782K, committed 73408K, reserved 1114112K
  class space    used 9698K, committed 9984K, reserved 1048576K
}
Event: 8.944 GC heap after
{Heap after GC invocations=18 (full 0):
 garbage-first heap   total 161792K, used 79475K [0x0000000709c00000, 0x0000000800000000)
  region size 2048K, 5 young (10240K), 5 survivors (10240K)
 Metaspace       used 72782K, committed 73408K, reserved 1114112K
  class space    used 9698K, committed 9984K, reserved 1048576K
}
Event: 9.095 GC heap before
{Heap before GC invocations=19 (full 0):
 garbage-first heap   total 161792K, used 134771K [0x0000000709c00000, 0x0000000800000000)
  region size 2048K, 32 young (65536K), 5 survivors (10240K)
 Metaspace       used 74080K, committed 74688K, reserved 1114112K
  class space    used 9867K, committed 10112K, reserved 1048576K
}
Event: 9.099 GC heap after
{Heap after GC invocations=20 (full 0):
 garbage-first heap   total 161792K, used 76463K [0x0000000709c00000, 0x0000000800000000)
  region size 2048K, 1 young (2048K), 1 survivors (2048K)
 Metaspace       used 74080K, committed 74688K, reserved 1114112K
  class space    used 9867K, committed 10112K, reserved 1048576K
}
Event: 120.564 GC heap before
{Heap before GC invocations=20 (full 0):
 garbage-first heap   total 161792K, used 135855K [0x0000000709c00000, 0x0000000800000000)
  region size 2048K, 30 young (61440K), 1 survivors (2048K)
 Metaspace       used 80866K, committed 81664K, reserved 1179648K
  class space    used 10782K, committed 11136K, reserved 1048576K
}
Event: 120.573 GC heap after
{Heap after GC invocations=21 (full 0):
 garbage-first heap   total 161792K, used 78921K [0x0000000709c00000, 0x0000000800000000)
  region size 2048K, 3 young (6144K), 3 survivors (6144K)
 Metaspace       used 80866K, committed 81664K, reserved 1179648K
  class space    used 10782K, committed 11136K, reserved 1048576K
}

