# JRE version: OpenJDK Runtime Environment Zulu21.40+17-CA (21.0.6+7) (build 21.0.6+7-LTS)
# Java VM: OpenJDK 64-Bit Server VM Zulu21.40+17-CA (21.0.6+7-LTS, mixed mode, sharing, tiered, compressed oops, compressed class ptrs, g1 gc, windows-amd64)
GC Precious Log:
 CardTable entry size: 512
 Card Set container configuration: InlinePtr #cards 4 size 8 Array Of Cards #cards 16 size 48 Howl #buckets 8 coarsen threshold 3686 Howl Bitmap #cards 512 size 80 coarsen threshold 460 Card regions per heap region 1 cards per card region 4096
 CPUs: 12 total, 12 available
 Memory: 15753M
 Large Page Support: Disabled
 NUMA Support: Disabled
 Compressed Oops: Enabled (Zero based)
 Heap Region Size: 2M
 Heap Min Capacity: 8M
 Heap Initial Capacity: 248M
 Heap Max Capacity: 3940M
 Pre-touch: Disabled
 Parallel Workers: 10
 Concurrent Workers: 3
 Concurrent Refinement Workers: 10
 Periodic GC: Disabled
Heap:
 garbage-first heap   total 831488K, used 223089K [0x0000000709c00000, 0x0000000800000000)
  region size 2048K, 7 young (14336K), 7 survivors (14336K)
 Metaspace       used 76186K, committed 76864K, reserved 1179648K
  class space    used 10119K, committed 10432K, reserved 1048576K
GC Heap History (20 events):
Event: 10.643 GC heap after
{Heap after GC invocations=23 (full 0):
 garbage-first heap   total 378880K, used 99125K [0x0000000709c00000, 0x0000000800000000)
  region size 2048K, 2 young (4096K), 2 survivors (4096K)
 Metaspace       used 70808K, committed 71488K, reserved 1114112K
  class space    used 9305K, committed 9600K, reserved 1048576K
}
Event: 11.147 GC heap before
{Heap before GC invocations=24 (full 0):
 garbage-first heap   total 378880K, used 250677K [0x0000000709c00000, 0x0000000800000000)
  region size 2048K, 76 young (155648K), 2 survivors (4096K)
 Metaspace       used 72571K, committed 73280K, reserved 1114112K
  class space    used 9683K, committed 9984K, reserved 1048576K
}
Event: 11.159 GC heap after
{Heap after GC invocations=25 (full 0):
 garbage-first heap   total 378880K, used 114388K [0x0000000709c00000, 0x0000000800000000)
  region size 2048K, 9 young (18432K), 9 survivors (18432K)
 Metaspace       used 72571K, committed 73280K, reserved 1114112K
  class space    used 9683K, committed 9984K, reserved 1048576K
}
Event: 11.453 GC heap before
{Heap before GC invocations=25 (full 0):
 garbage-first heap   total 378880K, used 325332K [0x0000000709c00000, 0x0000000800000000)
  region size 2048K, 111 young (227328K), 9 survivors (18432K)
 Metaspace       used 72593K, committed 73280K, reserved 1114112K
  class space    used 9683K, committed 9984K, reserved 1048576K
}
Event: 11.491 GC heap after
{Heap after GC invocations=26 (full 0):
 garbage-first heap   total 395264K, used 164728K [0x0000000709c00000, 0x0000000800000000)
  region size 2048K, 14 young (28672K), 14 survivors (28672K)
 Metaspace       used 72593K, committed 73280K, reserved 1114112K
  class space    used 9683K, committed 9984K, reserved 1048576K
}
Event: 11.551 GC heap before
{Heap before GC invocations=26 (full 0):
 garbage-first heap   total 395264K, used 195448K [0x0000000709c00000, 0x0000000800000000)
  region size 2048K, 30 young (61440K), 14 survivors (28672K)
 Metaspace       used 72593K, committed 73280K, reserved 1114112K
  class space    used 9683K, committed 9984K, reserved 1048576K
}
Event: 11.567 GC heap after
{Heap after GC invocations=27 (full 0):
 garbage-first heap   total 395264K, used 175613K [0x0000000709c00000, 0x0000000800000000)
  region size 2048K, 4 young (8192K), 4 survivors (8192K)
 Metaspace       used 72593K, committed 73280K, reserved 1114112K
  class space    used 9683K, committed 9984K, reserved 1048576K
}
Event: 11.819 GC heap before
{Heap before GC invocations=28 (full 0):
 garbage-first heap   total 395264K, used 318973K [0x0000000709c00000, 0x0000000800000000)
  region size 2048K, 76 young (155648K), 4 survivors (8192K)
 Metaspace       used 72593K, committed 73280K, reserved 1114112K
  class space    used 9683K, committed 9984K, reserved 1048576K
}
Event: 11.879 GC heap after
{Heap after GC invocations=29 (full 0):
 garbage-first heap   total 395264K, used 226942K [0x0000000709c00000, 0x0000000800000000)
  region size 2048K, 10 young (20480K), 10 survivors (20480K)
 Metaspace       used 72593K, committed 73280K, reserved 1114112K
  class space    used 9683K, committed 9984K, reserved 1048576K
}
Event: 12.076 GC heap before
{Heap before GC invocations=29 (full 0):
 garbage-first heap   total 395264K, used 325246K [0x0000000709c00000, 0x0000000800000000)
  region size 2048K, 58 young (118784K), 10 survivors (20480K)
 Metaspace       used 72593K, committed 73280K, reserved 1114112K
  class space    used 9683K, committed 9984K, reserved 1048576K
}
Event: 13.027 GC heap after
{Heap after GC invocations=30 (full 0):
 garbage-first heap   total 831488K, used 197404K [0x0000000709c00000, 0x0000000800000000)
  region size 2048K, 4 young (8192K), 4 survivors (8192K)
 Metaspace       used 72593K, committed 73280K, reserved 1114112K
  class space    used 9683K, committed 9984K, reserved 1048576K
}
Event: 13.083 GC heap before
{Heap before GC invocations=30 (full 0):
 garbage-first heap   total 831488K, used 230172K [0x0000000709c00000, 0x0000000800000000)
  region size 2048K, 20 young (40960K), 4 survivors (8192K)
 Metaspace       used 72594K, committed 73280K, reserved 1114112K
  class space    used 9683K, committed 9984K, reserved 1048576K
}
Event: 13.091 GC heap after
{Heap after GC invocations=31 (full 0):
 garbage-first heap   total 831488K, used 199500K [0x0000000709c00000, 0x0000000800000000)
  region size 2048K, 3 young (6144K), 3 survivors (6144K)
 Metaspace       used 72594K, committed 73280K, reserved 1114112K
  class space    used 9683K, committed 9984K, reserved 1048576K
}
Event: 13.155 GC heap before
{Heap before GC invocations=31 (full 0):
 garbage-first heap   total 831488K, used 234316K [0x0000000709c00000, 0x0000000800000000)
  region size 2048K, 20 young (40960K), 3 survivors (6144K)
 Metaspace       used 72595K, committed 73280K, reserved 1114112K
  class space    used 9683K, committed 9984K, reserved 1048576K
}
Event: 13.156 GC heap after
{Heap after GC invocations=32 (full 0):
 garbage-first heap   total 831488K, used 197358K [0x0000000709c00000, 0x0000000800000000)
  region size 2048K, 1 young (2048K), 1 survivors (2048K)
 Metaspace       used 72595K, committed 73280K, reserved 1114112K
  class space    used 9683K, committed 9984K, reserved 1048576K
}
Event: 13.219 GC heap before
{Heap before GC invocations=32 (full 0):
 garbage-first heap   total 831488K, used 236270K [0x0000000709c00000, 0x0000000800000000)
  region size 2048K, 20 young (40960K), 1 survivors (2048K)
 Metaspace       used 72599K, committed 73280K, reserved 1114112K
  class space    used 9683K, committed 9984K, reserved 1048576K
}
Event: 13.224 GC heap after
{Heap after GC invocations=33 (full 0):
 garbage-first heap   total 831488K, used 203447K [0x0000000709c00000, 0x0000000800000000)
  region size 2048K, 3 young (6144K), 3 survivors (6144K)
 Metaspace       used 72599K, committed 73280K, reserved 1114112K
  class space    used 9683K, committed 9984K, reserved 1048576K
}
Event: 13.438 GC heap before
{Heap before GC invocations=33 (full 0):
 garbage-first heap   total 831488K, used 238263K [0x0000000709c00000, 0x0000000800000000)
  region size 2048K, 20 young (40960K), 3 survivors (6144K)
 Metaspace       used 74126K, committed 74816K, reserved 1114112K
  class space    used 9870K, committed 10176K, reserved 1048576K
}
Event: 13.448 GC heap after
{Heap after GC invocations=34 (full 0):
 garbage-first heap   total 831488K, used 213414K [0x0000000709c00000, 0x0000000800000000)
  region size 2048K, 3 young (6144K), 3 survivors (6144K)
 Metaspace       used 74126K, committed 74816K, reserved 1114112K
  class space    used 9870K, committed 10176K, reserved 1048576K
}
Event: 14.157 GC heap before
{Heap before GC invocations=34 (full 0):
 garbage-first heap   total 831488K, used 311718K [0x0000000709c00000, 0x0000000800000000)
  region size 2048K, 51 young (104448K), 3 survivors (6144K)
 Metaspace       used 76186K, committed 76864K, reserved 1179648K
  class space    used 10119K, committed 10432K, reserved 1048576K
}

