# JRE version: OpenJDK Runtime Environment Zulu21.40+17-CA (21.0.6+7) (build 21.0.6+7-LTS)
# Java VM: OpenJDK 64-Bit Server VM Zulu21.40+17-CA (21.0.6+7-LTS, mixed mode, sharing, tiered, compressed oops, compressed class ptrs, g1 gc, windows-amd64)
GC Precious Log:
 CardTable entry size: 512
 Card Set container configuration: InlinePtr #cards 4 size 8 Array Of Cards #cards 16 size 48 Howl #buckets 8 coarsen threshold 3686 Howl Bitmap #cards 512 size 80 coarsen threshold 460 Card regions per heap region 1 cards per card region 4096
 CPUs: 12 total, 12 available
 Memory: 15753M
 Large Page Support: Disabled
 NUMA Support: Disabled
 Compressed Oops: Enabled (Zero based)
 Heap Region Size: 2M
 Heap Min Capacity: 8M
 Heap Initial Capacity: 248M
 Heap Max Capacity: 3940M
 Pre-touch: Disabled
 Parallel Workers: 10
 Concurrent Workers: 3
 Concurrent Refinement Workers: 10
 Periodic GC: Disabled
Heap:
 garbage-first heap   total 530432K, used 215678K [0x0000000709c00000, 0x0000000800000000)
  region size 2048K, 12 young (24576K), 5 survivors (10240K)
 Metaspace       used 85196K, committed 85952K, reserved 1179648K
  class space    used 11378K, committed 11712K, reserved 1048576K
GC Heap History (20 events):
Event: 10.224 GC heap before
{Heap before GC invocations=16 (full 0):
 garbage-first heap   total 157696K, used 118332K [0x0000000709c00000, 0x0000000800000000)
  region size 2048K, 28 young (57344K), 5 survivors (10240K)
 Metaspace       used 70834K, committed 71424K, reserved 1114112K
  class space    used 9320K, committed 9600K, reserved 1048576K
}
Event: 10.239 GC heap after
{Heap after GC invocations=17 (full 0):
 garbage-first heap   total 157696K, used 88438K [0x0000000709c00000, 0x0000000800000000)
  region size 2048K, 4 young (8192K), 4 survivors (8192K)
 Metaspace       used 70834K, committed 71424K, reserved 1114112K
  class space    used 9320K, committed 9600K, reserved 1048576K
}
Event: 10.315 GC heap before
{Heap before GC invocations=18 (full 0):
 garbage-first heap   total 157696K, used 125302K [0x0000000709c00000, 0x0000000800000000)
  region size 2048K, 22 young (45056K), 4 survivors (8192K)
 Metaspace       used 70844K, committed 71424K, reserved 1114112K
  class space    used 9320K, committed 9600K, reserved 1048576K
}
Event: 10.325 GC heap after
{Heap after GC invocations=19 (full 0):
 garbage-first heap   total 157696K, used 97947K [0x0000000709c00000, 0x0000000800000000)
  region size 2048K, 3 young (6144K), 3 survivors (6144K)
 Metaspace       used 70844K, committed 71424K, reserved 1114112K
  class space    used 9320K, committed 9600K, reserved 1048576K
}
Event: 10.372 GC heap before
{Heap before GC invocations=19 (full 0):
 garbage-first heap   total 157696K, used 130715K [0x0000000709c00000, 0x0000000800000000)
  region size 2048K, 19 young (38912K), 3 survivors (6144K)
 Metaspace       used 70844K, committed 71424K, reserved 1114112K
  class space    used 9320K, committed 9600K, reserved 1048576K
}
Event: 10.378 GC heap after
{Heap after GC invocations=20 (full 0):
 garbage-first heap   total 157696K, used 99500K [0x0000000709c00000, 0x0000000800000000)
  region size 2048K, 1 young (2048K), 1 survivors (2048K)
 Metaspace       used 70844K, committed 71424K, reserved 1114112K
  class space    used 9320K, committed 9600K, reserved 1048576K
}
Event: 10.444 GC heap before
{Heap before GC invocations=20 (full 0):
 garbage-first heap   total 157696K, used 134316K [0x0000000709c00000, 0x0000000800000000)
  region size 2048K, 18 young (36864K), 1 survivors (2048K)
 Metaspace       used 70844K, committed 71424K, reserved 1114112K
  class space    used 9320K, committed 9600K, reserved 1048576K
}
Event: 10.447 GC heap after
{Heap after GC invocations=21 (full 0):
 garbage-first heap   total 342016K, used 98737K [0x0000000709c00000, 0x0000000800000000)
  region size 2048K, 1 young (2048K), 1 survivors (2048K)
 Metaspace       used 70844K, committed 71424K, reserved 1114112K
  class space    used 9320K, committed 9600K, reserved 1048576K
}
Event: 10.910 GC heap before
{Heap before GC invocations=22 (full 0):
 garbage-first heap   total 266240K, used 223665K [0x0000000709c00000, 0x0000000800000000)
  region size 2048K, 72 young (147456K), 1 survivors (2048K)
 Metaspace       used 72618K, committed 73280K, reserved 1114112K
  class space    used 9697K, committed 9984K, reserved 1048576K
}
Event: 10.916 GC heap after
{Heap after GC invocations=23 (full 0):
 garbage-first heap   total 266240K, used 83587K [0x0000000709c00000, 0x0000000800000000)
  region size 2048K, 3 young (6144K), 3 survivors (6144K)
 Metaspace       used 72618K, committed 73280K, reserved 1114112K
  class space    used 9697K, committed 9984K, reserved 1048576K
}
Event: 11.090 GC heap before
{Heap before GC invocations=23 (full 0):
 garbage-first heap   total 266240K, used 214659K [0x0000000709c00000, 0x0000000800000000)
  region size 2048K, 66 young (135168K), 3 survivors (6144K)
 Metaspace       used 72618K, committed 73280K, reserved 1114112K
  class space    used 9697K, committed 9984K, reserved 1048576K
}
Event: 11.122 GC heap after
{Heap after GC invocations=24 (full 0):
 garbage-first heap   total 270336K, used 107098K [0x0000000709c00000, 0x0000000800000000)
  region size 2048K, 9 young (18432K), 9 survivors (18432K)
 Metaspace       used 72618K, committed 73280K, reserved 1114112K
  class space    used 9697K, committed 9984K, reserved 1048576K
}
Event: 11.269 GC heap before
{Heap before GC invocations=24 (full 0):
 garbage-first heap   total 270336K, used 205402K [0x0000000709c00000, 0x0000000800000000)
  region size 2048K, 55 young (112640K), 9 survivors (18432K)
 Metaspace       used 72618K, committed 73280K, reserved 1114112K
  class space    used 9697K, committed 9984K, reserved 1048576K
}
Event: 11.296 GC heap after
{Heap after GC invocations=25 (full 0):
 garbage-first heap   total 270336K, used 136889K [0x0000000709c00000, 0x0000000800000000)
  region size 2048K, 7 young (14336K), 7 survivors (14336K)
 Metaspace       used 72618K, committed 73280K, reserved 1114112K
  class space    used 9697K, committed 9984K, reserved 1048576K
}
Event: 11.396 GC heap before
{Heap before GC invocations=25 (full 0):
 garbage-first heap   total 270336K, used 212665K [0x0000000709c00000, 0x0000000800000000)
  region size 2048K, 44 young (90112K), 7 survivors (14336K)
 Metaspace       used 72618K, committed 73280K, reserved 1114112K
  class space    used 9697K, committed 9984K, reserved 1048576K
}
Event: 11.420 GC heap after
{Heap after GC invocations=26 (full 0):
 garbage-first heap   total 530432K, used 166382K [0x0000000709c00000, 0x0000000800000000)
  region size 2048K, 6 young (12288K), 6 survivors (12288K)
 Metaspace       used 72618K, committed 73280K, reserved 1114112K
  class space    used 9697K, committed 9984K, reserved 1048576K
}
Event: 11.764 GC heap before
{Heap before GC invocations=27 (full 0):
 garbage-first heap   total 530432K, used 379374K [0x0000000709c00000, 0x0000000800000000)
  region size 2048K, 111 young (227328K), 6 survivors (12288K)
 Metaspace       used 72618K, committed 73280K, reserved 1114112K
  class space    used 9697K, committed 9984K, reserved 1048576K
}
Event: 11.808 GC heap after
{Heap after GC invocations=28 (full 0):
 garbage-first heap   total 530432K, used 196281K [0x0000000709c00000, 0x0000000800000000)
  region size 2048K, 14 young (28672K), 14 survivors (28672K)
 Metaspace       used 72618K, committed 73280K, reserved 1114112K
  class space    used 9697K, committed 9984K, reserved 1048576K
}
Event: 42.353 GC heap before
{Heap before GC invocations=28 (full 0):
 garbage-first heap   total 530432K, used 388793K [0x0000000709c00000, 0x0000000800000000)
  region size 2048K, 108 young (221184K), 14 survivors (28672K)
 Metaspace       used 82897K, committed 83648K, reserved 1179648K
  class space    used 11057K, committed 11392K, reserved 1048576K
}
Event: 42.400 GC heap after
{Heap after GC invocations=29 (full 0):
 garbage-first heap   total 530432K, used 205438K [0x0000000709c00000, 0x0000000800000000)
  region size 2048K, 5 young (10240K), 5 survivors (10240K)
 Metaspace       used 82897K, committed 83648K, reserved 1179648K
  class space    used 11057K, committed 11392K, reserved 1048576K
}

