# JRE version: OpenJDK Runtime Environment Zulu21.40+17-CA (21.0.6+7) (build 21.0.6+7-LTS)
# Java VM: OpenJDK 64-Bit Server VM Zulu21.40+17-CA (21.0.6+7-LTS, mixed mode, sharing, tiered, compressed oops, compressed class ptrs, g1 gc, windows-amd64)
GC Precious Log:
 CardTable entry size: 512
 Card Set container configuration: InlinePtr #cards 4 size 8 Array Of Cards #cards 16 size 48 Howl #buckets 8 coarsen threshold 3686 Howl Bitmap #cards 512 size 80 coarsen threshold 460 Card regions per heap region 1 cards per card region 4096
 CPUs: 12 total, 12 available
 Memory: 15753M
 Large Page Support: Disabled
 NUMA Support: Disabled
 Compressed Oops: Enabled (Zero based)
 Heap Region Size: 2M
 Heap Min Capacity: 8M
 Heap Initial Capacity: 248M
 Heap Max Capacity: 3940M
 Pre-touch: Disabled
 Parallel Workers: 10
 Concurrent Workers: 3
 Concurrent Refinement Workers: 10
 Periodic GC: Disabled
Heap:
 garbage-first heap   total 768000K, used 307000K [0x0000000709c00000, 0x0000000800000000)
  region size 2048K, 44 young (90112K), 17 survivors (34816K)
 Metaspace       used 78656K, committed 79360K, reserved 1179648K
  class space    used 10509K, committed 10880K, reserved 1048576K
GC Heap History (20 events):
Event: 10.275 GC heap before
{Heap before GC invocations=19 (full 0):
 garbage-first heap   total 141312K, used 111327K [0x0000000709c00000, 0x0000000800000000)
  region size 2048K, 22 young (45056K), 2 survivors (4096K)
 Metaspace       used 70892K, committed 71552K, reserved 1114112K
  class space    used 9324K, committed 9664K, reserved 1048576K
}
Event: 10.288 GC heap after
{Heap after GC invocations=20 (full 0):
 garbage-first heap   total 141312K, used 83669K [0x0000000709c00000, 0x0000000800000000)
  region size 2048K, 3 young (6144K), 3 survivors (6144K)
 Metaspace       used 70892K, committed 71552K, reserved 1114112K
  class space    used 9324K, committed 9664K, reserved 1048576K
}
Event: 10.367 GC heap before
{Heap before GC invocations=20 (full 0):
 garbage-first heap   total 141312K, used 116437K [0x0000000709c00000, 0x0000000800000000)
  region size 2048K, 19 young (38912K), 3 survivors (6144K)
 Metaspace       used 70892K, committed 71552K, reserved 1114112K
  class space    used 9324K, committed 9664K, reserved 1048576K
}
Event: 10.378 GC heap after
{Heap after GC invocations=21 (full 0):
 garbage-first heap   total 141312K, used 94473K [0x0000000709c00000, 0x0000000800000000)
  region size 2048K, 3 young (6144K), 3 survivors (6144K)
 Metaspace       used 70892K, committed 71552K, reserved 1114112K
  class space    used 9324K, committed 9664K, reserved 1048576K
}
Event: 10.460 GC heap before
{Heap before GC invocations=21 (full 0):
 garbage-first heap   total 161792K, used 119049K [0x0000000709c00000, 0x0000000800000000)
  region size 2048K, 15 young (30720K), 3 survivors (6144K)
 Metaspace       used 70892K, committed 71552K, reserved 1114112K
  class space    used 9324K, committed 9664K, reserved 1048576K
}
Event: 10.466 GC heap after
{Heap after GC invocations=22 (full 0):
 garbage-first heap   total 161792K, used 99828K [0x0000000709c00000, 0x0000000800000000)
  region size 2048K, 2 young (4096K), 2 survivors (4096K)
 Metaspace       used 70892K, committed 71552K, reserved 1114112K
  class space    used 9324K, committed 9664K, reserved 1048576K
}
Event: 10.530 GC heap before
{Heap before GC invocations=23 (full 0):
 garbage-first heap   total 161792K, used 134644K [0x0000000709c00000, 0x0000000800000000)
  region size 2048K, 19 young (38912K), 2 survivors (4096K)
 Metaspace       used 70892K, committed 71552K, reserved 1114112K
  class space    used 9324K, committed 9664K, reserved 1048576K
}
Event: 10.539 GC heap after
{Heap after GC invocations=24 (full 0):
 garbage-first heap   total 356352K, used 108142K [0x0000000709c00000, 0x0000000800000000)
  region size 2048K, 3 young (6144K), 3 survivors (6144K)
 Metaspace       used 70892K, committed 71552K, reserved 1114112K
  class space    used 9324K, committed 9664K, reserved 1048576K
}
Event: 11.041 GC heap before
{Heap before GC invocations=24 (full 0):
 garbage-first heap   total 356352K, used 249454K [0x0000000709c00000, 0x0000000800000000)
  region size 2048K, 72 young (147456K), 3 survivors (6144K)
 Metaspace       used 72664K, committed 73344K, reserved 1114112K
  class space    used 9702K, committed 10048K, reserved 1048576K
}
Event: 11.059 GC heap after
{Heap after GC invocations=25 (full 0):
 garbage-first heap   total 356352K, used 134653K [0x0000000709c00000, 0x0000000800000000)
  region size 2048K, 9 young (18432K), 9 survivors (18432K)
 Metaspace       used 72664K, committed 73344K, reserved 1114112K
  class space    used 9702K, committed 10048K, reserved 1048576K
}
Event: 11.217 GC heap before
{Heap before GC invocations=25 (full 0):
 garbage-first heap   total 356352K, used 253437K [0x0000000709c00000, 0x0000000800000000)
  region size 2048K, 68 young (139264K), 9 survivors (18432K)
 Metaspace       used 72680K, committed 73344K, reserved 1114112K
  class space    used 9702K, committed 10048K, reserved 1048576K
}
Event: 11.245 GC heap after
{Heap after GC invocations=26 (full 0):
 garbage-first heap   total 356352K, used 174080K [0x0000000709c00000, 0x0000000800000000)
  region size 2048K, 10 young (20480K), 10 survivors (20480K)
 Metaspace       used 72680K, committed 73344K, reserved 1114112K
  class space    used 9702K, committed 10048K, reserved 1048576K
}
Event: 11.430 GC heap before
{Heap before GC invocations=27 (full 0):
 garbage-first heap   total 356352K, used 266240K [0x0000000709c00000, 0x0000000800000000)
  region size 2048K, 59 young (120832K), 10 survivors (20480K)
 Metaspace       used 72680K, committed 73344K, reserved 1114112K
  class space    used 9702K, committed 10048K, reserved 1048576K
}
Event: 11.474 GC heap after
{Heap after GC invocations=28 (full 0):
 garbage-first heap   total 356352K, used 202200K [0x0000000709c00000, 0x0000000800000000)
  region size 2048K, 8 young (16384K), 8 survivors (16384K)
 Metaspace       used 72680K, committed 73344K, reserved 1114112K
  class space    used 9702K, committed 10048K, reserved 1048576K
}
Event: 11.635 GC heap before
{Heap before GC invocations=28 (full 0):
 garbage-first heap   total 356352K, used 286168K [0x0000000709c00000, 0x0000000800000000)
  region size 2048K, 47 young (96256K), 8 survivors (16384K)
 Metaspace       used 72680K, committed 73344K, reserved 1114112K
  class space    used 9702K, committed 10048K, reserved 1048576K
}
Event: 11.667 GC heap after
{Heap after GC invocations=29 (full 0):
 garbage-first heap   total 356352K, used 202446K [0x0000000709c00000, 0x0000000800000000)
  region size 2048K, 6 young (12288K), 6 survivors (12288K)
 Metaspace       used 72680K, committed 73344K, reserved 1114112K
  class space    used 9702K, committed 10048K, reserved 1048576K
}
Event: 11.776 GC heap before
{Heap before GC invocations=29 (full 0):
 garbage-first heap   total 356352K, used 284366K [0x0000000709c00000, 0x0000000800000000)
  region size 2048K, 46 young (94208K), 6 survivors (12288K)
 Metaspace       used 72680K, committed 73344K, reserved 1114112K
  class space    used 9702K, committed 10048K, reserved 1048576K
}
Event: 11.805 GC heap after
{Heap after GC invocations=30 (full 0):
 garbage-first heap   total 768000K, used 231224K [0x0000000709c00000, 0x0000000800000000)
  region size 2048K, 6 young (12288K), 6 survivors (12288K)
 Metaspace       used 72680K, committed 73344K, reserved 1114112K
  class space    used 9702K, committed 10048K, reserved 1048576K
}
Event: 12.305 GC heap before
{Heap before GC invocations=30 (full 0):
 garbage-first heap   total 768000K, used 493368K [0x0000000709c00000, 0x0000000800000000)
  region size 2048K, 134 young (274432K), 6 survivors (12288K)
 Metaspace       used 74150K, committed 74816K, reserved 1114112K
  class space    used 9878K, committed 10176K, reserved 1048576K
}
Event: 12.329 GC heap after
{Heap after GC invocations=31 (full 0):
 garbage-first heap   total 768000K, used 253752K [0x0000000709c00000, 0x0000000800000000)
  region size 2048K, 17 young (34816K), 17 survivors (34816K)
 Metaspace       used 74150K, committed 74816K, reserved 1114112K
  class space    used 9878K, committed 10176K, reserved 1048576K
}

