# JRE version: OpenJDK Runtime Environment Zulu21.40+17-CA (21.0.6+7) (build 21.0.6+7-LTS)
# Java VM: OpenJDK 64-Bit Server VM Zulu21.40+17-CA (21.0.6+7-LTS, mixed mode, sharing, tiered, compressed oops, compressed class ptrs, g1 gc, windows-amd64)
GC Precious Log:
 CardTable entry size: 512
 Card Set container configuration: InlinePtr #cards 4 size 8 Array Of Cards #cards 16 size 48 Howl #buckets 8 coarsen threshold 3686 Howl Bitmap #cards 512 size 80 coarsen threshold 460 Card regions per heap region 1 cards per card region 4096
 CPUs: 12 total, 12 available
 Memory: 15753M
 Large Page Support: Disabled
 NUMA Support: Disabled
 Compressed Oops: Enabled (Zero based)
 Heap Region Size: 2M
 Heap Min Capacity: 8M
 Heap Initial Capacity: 248M
 Heap Max Capacity: 3940M
 Pre-touch: Disabled
 Parallel Workers: 10
 Concurrent Workers: 3
 Concurrent Refinement Workers: 10
 Periodic GC: Disabled
Heap:
 garbage-first heap   total 315392K, used 193261K [0x0000000709c00000, 0x0000000800000000)
  region size 2048K, 6 young (12288K), 6 survivors (12288K)
 Metaspace       used 72624K, committed 73280K, reserved 1114112K
  class space    used 9695K, committed 9984K, reserved 1048576K
GC Heap History (20 events):
Event: 9.549 GC heap after
{Heap after GC invocations=15 (full 0):
 garbage-first heap   total 157696K, used 47601K [0x0000000709c00000, 0x0000000800000000)
  region size 2048K, 6 young (12288K), 6 survivors (12288K)
 Metaspace       used 70834K, committed 71488K, reserved 1114112K
  class space    used 9318K, committed 9664K, reserved 1048576K
}
Event: 9.681 GC heap before
{Heap before GC invocations=15 (full 0):
 garbage-first heap   total 157696K, used 113137K [0x0000000709c00000, 0x0000000800000000)
  region size 2048K, 38 young (77824K), 6 survivors (12288K)
 Metaspace       used 70835K, committed 71488K, reserved 1114112K
  class space    used 9318K, committed 9664K, reserved 1048576K
}
Event: 9.700 GC heap after
{Heap after GC invocations=16 (full 0):
 garbage-first heap   total 157696K, used 71598K [0x0000000709c00000, 0x0000000800000000)
  region size 2048K, 5 young (10240K), 5 survivors (10240K)
 Metaspace       used 70835K, committed 71488K, reserved 1114112K
  class space    used 9318K, committed 9664K, reserved 1048576K
}
Event: 9.770 GC heap before
{Heap before GC invocations=16 (full 0):
 garbage-first heap   total 157696K, used 118702K [0x0000000709c00000, 0x0000000800000000)
  region size 2048K, 28 young (57344K), 5 survivors (10240K)
 Metaspace       used 70841K, committed 71488K, reserved 1114112K
  class space    used 9318K, committed 9664K, reserved 1048576K
}
Event: 9.785 GC heap after
{Heap after GC invocations=17 (full 0):
 garbage-first heap   total 157696K, used 88533K [0x0000000709c00000, 0x0000000800000000)
  region size 2048K, 4 young (8192K), 4 survivors (8192K)
 Metaspace       used 70841K, committed 71488K, reserved 1114112K
  class space    used 9318K, committed 9664K, reserved 1048576K
}
Event: 9.850 GC heap before
{Heap before GC invocations=17 (full 0):
 garbage-first heap   total 157696K, used 125397K [0x0000000709c00000, 0x0000000800000000)
  region size 2048K, 22 young (45056K), 4 survivors (8192K)
 Metaspace       used 70851K, committed 71552K, reserved 1114112K
  class space    used 9318K, committed 9664K, reserved 1048576K
}
Event: 9.861 GC heap after
{Heap after GC invocations=18 (full 0):
 garbage-first heap   total 157696K, used 98038K [0x0000000709c00000, 0x0000000800000000)
  region size 2048K, 3 young (6144K), 3 survivors (6144K)
 Metaspace       used 70851K, committed 71552K, reserved 1114112K
  class space    used 9318K, committed 9664K, reserved 1048576K
}
Event: 9.911 GC heap before
{Heap before GC invocations=18 (full 0):
 garbage-first heap   total 157696K, used 130806K [0x0000000709c00000, 0x0000000800000000)
  region size 2048K, 19 young (38912K), 3 survivors (6144K)
 Metaspace       used 70854K, committed 71552K, reserved 1114112K
  class space    used 9318K, committed 9664K, reserved 1048576K
}
Event: 9.916 GC heap after
{Heap after GC invocations=19 (full 0):
 garbage-first heap   total 315392K, used 100266K [0x0000000709c00000, 0x0000000800000000)
  region size 2048K, 1 young (2048K), 1 survivors (2048K)
 Metaspace       used 70854K, committed 71552K, reserved 1114112K
  class space    used 9318K, committed 9664K, reserved 1048576K
}
Event: 10.323 GC heap before
{Heap before GC invocations=20 (full 0):
 garbage-first heap   total 315392K, used 217002K [0x0000000709c00000, 0x0000000800000000)
  region size 2048K, 58 young (118784K), 1 survivors (2048K)
 Metaspace       used 72596K, committed 73216K, reserved 1114112K
  class space    used 9695K, committed 9984K, reserved 1048576K
}
Event: 10.332 GC heap after
{Heap after GC invocations=21 (full 0):
 garbage-first heap   total 315392K, used 113099K [0x0000000709c00000, 0x0000000800000000)
  region size 2048K, 7 young (14336K), 7 survivors (14336K)
 Metaspace       used 72596K, committed 73216K, reserved 1114112K
  class space    used 9695K, committed 9984K, reserved 1048576K
}
Event: 10.505 GC heap before
{Heap before GC invocations=21 (full 0):
 garbage-first heap   total 315392K, used 248267K [0x0000000709c00000, 0x0000000800000000)
  region size 2048K, 73 young (149504K), 7 survivors (14336K)
 Metaspace       used 72624K, committed 73280K, reserved 1114112K
  class space    used 9695K, committed 9984K, reserved 1048576K
}
Event: 10.523 GC heap after
{Heap after GC invocations=22 (full 0):
 garbage-first heap   total 315392K, used 129597K [0x0000000709c00000, 0x0000000800000000)
  region size 2048K, 10 young (20480K), 10 survivors (20480K)
 Metaspace       used 72624K, committed 73280K, reserved 1114112K
  class space    used 9695K, committed 9984K, reserved 1048576K
}
Event: 10.542 GC heap before
{Heap before GC invocations=22 (full 0):
 garbage-first heap   total 315392K, used 145981K [0x0000000709c00000, 0x0000000800000000)
  region size 2048K, 19 young (38912K), 10 survivors (20480K)
 Metaspace       used 72624K, committed 73280K, reserved 1114112K
  class space    used 9695K, committed 9984K, reserved 1048576K
}
Event: 10.554 GC heap after
{Heap after GC invocations=23 (full 0):
 garbage-first heap   total 315392K, used 140172K [0x0000000709c00000, 0x0000000800000000)
  region size 2048K, 4 young (8192K), 4 survivors (8192K)
 Metaspace       used 72624K, committed 73280K, reserved 1114112K
  class space    used 9695K, committed 9984K, reserved 1048576K
}
Event: 10.745 GC heap before
{Heap before GC invocations=24 (full 0):
 garbage-first heap   total 315392K, used 232332K [0x0000000709c00000, 0x0000000800000000)
  region size 2048K, 56 young (114688K), 4 survivors (8192K)
 Metaspace       used 72624K, committed 73280K, reserved 1114112K
  class space    used 9695K, committed 9984K, reserved 1048576K
}
Event: 10.781 GC heap after
{Heap after GC invocations=25 (full 0):
 garbage-first heap   total 315392K, used 162221K [0x0000000709c00000, 0x0000000800000000)
  region size 2048K, 7 young (14336K), 7 survivors (14336K)
 Metaspace       used 72624K, committed 73280K, reserved 1114112K
  class space    used 9695K, committed 9984K, reserved 1048576K
}
Event: 10.903 GC heap before
{Heap before GC invocations=25 (full 0):
 garbage-first heap   total 315392K, used 246189K [0x0000000709c00000, 0x0000000800000000)
  region size 2048K, 48 young (98304K), 7 survivors (14336K)
 Metaspace       used 72624K, committed 73280K, reserved 1114112K
  class space    used 9695K, committed 9984K, reserved 1048576K
}
Event: 10.929 GC heap after
{Heap after GC invocations=26 (full 0):
 garbage-first heap   total 315392K, used 162816K [0x0000000709c00000, 0x0000000800000000)
  region size 2048K, 6 young (12288K), 6 survivors (12288K)
 Metaspace       used 72624K, committed 73280K, reserved 1114112K
  class space    used 9695K, committed 9984K, reserved 1048576K
}
Event: 11.048 GC heap before
{Heap before GC invocations=26 (full 0):
 garbage-first heap   total 315392K, used 244736K [0x0000000709c00000, 0x0000000800000000)
  region size 2048K, 46 young (94208K), 6 survivors (12288K)
 Metaspace       used 72624K, committed 73280K, reserved 1114112K
  class space    used 9695K, committed 9984K, reserved 1048576K
}

