# JRE version: OpenJDK Runtime Environment Zulu21.40+17-CA (21.0.6+7) (build 21.0.6+7-LTS)
# Java VM: OpenJDK 64-Bit Server VM Zulu21.40+17-CA (21.0.6+7-LTS, mixed mode, sharing, tiered, compressed oops, compressed class ptrs, g1 gc, windows-amd64)
GC Precious Log:
 CardTable entry size: 512
 Card Set container configuration: InlinePtr #cards 4 size 8 Array Of Cards #cards 16 size 48 Howl #buckets 8 coarsen threshold 3686 Howl Bitmap #cards 512 size 80 coarsen threshold 460 Card regions per heap region 1 cards per card region 4096
 CPUs: 12 total, 12 available
 Memory: 15753M
 Large Page Support: Disabled
 NUMA Support: Disabled
 Compressed Oops: Enabled (Zero based)
 Heap Region Size: 2M
 Heap Min Capacity: 8M
 Heap Initial Capacity: 248M
 Heap Max Capacity: 3940M
 Pre-touch: Disabled
 Parallel Workers: 10
 Concurrent Workers: 3
 Concurrent Refinement Workers: 10
 Periodic GC: Disabled
Heap:
 garbage-first heap   total 292864K, used 176792K [0x0000000709c00000, 0x0000000800000000)
  region size 2048K, 6 young (12288K), 6 survivors (12288K)
 Metaspace       used 74136K, committed 74816K, reserved 1114112K
  class space    used 9878K, committed 10176K, reserved 1048576K
GC Heap History (20 events):
Event: 9.184 GC heap after
{Heap after GC invocations=17 (full 0):
 garbage-first heap   total 157696K, used 37961K [0x0000000709c00000, 0x0000000800000000)
  region size 2048K, 2 young (4096K), 2 survivors (4096K)
 Metaspace       used 70850K, committed 71488K, reserved 1114112K
  class space    used 9321K, committed 9600K, reserved 1048576K
}
Event: 9.457 GC heap before
{Heap before GC invocations=18 (full 0):
 garbage-first heap   total 131072K, used 111689K [0x0000000709c00000, 0x0000000800000000)
  region size 2048K, 38 young (77824K), 2 survivors (4096K)
 Metaspace       used 70850K, committed 71488K, reserved 1114112K
  class space    used 9321K, committed 9600K, reserved 1048576K
}
Event: 9.462 GC heap after
{Heap after GC invocations=19 (full 0):
 garbage-first heap   total 131072K, used 42424K [0x0000000709c00000, 0x0000000800000000)
  region size 2048K, 5 young (10240K), 5 survivors (10240K)
 Metaspace       used 70850K, committed 71488K, reserved 1114112K
  class space    used 9321K, committed 9600K, reserved 1048576K
}
Event: 9.752 GC heap before
{Heap before GC invocations=19 (full 0):
 garbage-first heap   total 131072K, used 107960K [0x0000000709c00000, 0x0000000800000000)
  region size 2048K, 37 young (75776K), 5 survivors (10240K)
 Metaspace       used 72613K, committed 73280K, reserved 1114112K
  class space    used 9699K, committed 9984K, reserved 1048576K
}
Event: 9.768 GC heap after
{Heap after GC invocations=20 (full 0):
 garbage-first heap   total 139264K, used 59613K [0x0000000709c00000, 0x0000000800000000)
  region size 2048K, 5 young (10240K), 5 survivors (10240K)
 Metaspace       used 72613K, committed 73280K, reserved 1114112K
  class space    used 9699K, committed 9984K, reserved 1048576K
}
Event: 9.829 GC heap before
{Heap before GC invocations=20 (full 0):
 garbage-first heap   total 139264K, used 106717K [0x0000000709c00000, 0x0000000800000000)
  region size 2048K, 28 young (57344K), 5 survivors (10240K)
 Metaspace       used 72622K, committed 73280K, reserved 1114112K
  class space    used 9699K, committed 9984K, reserved 1048576K
}
Event: 9.841 GC heap after
{Heap after GC invocations=21 (full 0):
 garbage-first heap   total 139264K, used 73272K [0x0000000709c00000, 0x0000000800000000)
  region size 2048K, 4 young (8192K), 4 survivors (8192K)
 Metaspace       used 72622K, committed 73280K, reserved 1114112K
  class space    used 9699K, committed 9984K, reserved 1048576K
}
Event: 9.906 GC heap before
{Heap before GC invocations=22 (full 0):
 garbage-first heap   total 139264K, used 110136K [0x0000000709c00000, 0x0000000800000000)
  region size 2048K, 22 young (45056K), 4 survivors (8192K)
 Metaspace       used 72622K, committed 73280K, reserved 1114112K
  class space    used 9699K, committed 9984K, reserved 1048576K
}
Event: 9.915 GC heap after
{Heap after GC invocations=23 (full 0):
 garbage-first heap   total 139264K, used 85148K [0x0000000709c00000, 0x0000000800000000)
  region size 2048K, 3 young (6144K), 3 survivors (6144K)
 Metaspace       used 72622K, committed 73280K, reserved 1114112K
  class space    used 9699K, committed 9984K, reserved 1048576K
}
Event: 9.950 GC heap before
{Heap before GC invocations=23 (full 0):
 garbage-first heap   total 139264K, used 113820K [0x0000000709c00000, 0x0000000800000000)
  region size 2048K, 17 young (34816K), 3 survivors (6144K)
 Metaspace       used 72628K, committed 73280K, reserved 1114112K
  class space    used 9699K, committed 9984K, reserved 1048576K
}
Event: 9.956 GC heap after
{Heap after GC invocations=24 (full 0):
 garbage-first heap   total 292864K, used 88871K [0x0000000709c00000, 0x0000000800000000)
  region size 2048K, 2 young (4096K), 2 survivors (4096K)
 Metaspace       used 72628K, committed 73280K, reserved 1114112K
  class space    used 9699K, committed 9984K, reserved 1048576K
}
Event: 10.198 GC heap before
{Heap before GC invocations=24 (full 0):
 garbage-first heap   total 292864K, used 191271K [0x0000000709c00000, 0x0000000800000000)
  region size 2048K, 53 young (108544K), 2 survivors (4096K)
 Metaspace       used 74136K, committed 74816K, reserved 1114112K
  class space    used 9878K, committed 10176K, reserved 1048576K
}
Event: 10.208 GC heap after
{Heap after GC invocations=25 (full 0):
 garbage-first heap   total 292864K, used 100820K [0x0000000709c00000, 0x0000000800000000)
  region size 2048K, 7 young (14336K), 7 survivors (14336K)
 Metaspace       used 74136K, committed 74816K, reserved 1114112K
  class space    used 9878K, committed 10176K, reserved 1048576K
}
Event: 10.306 GC heap before
{Heap before GC invocations=25 (full 0):
 garbage-first heap   total 292864K, used 172500K [0x0000000709c00000, 0x0000000800000000)
  region size 2048K, 43 young (88064K), 7 survivors (14336K)
 Metaspace       used 74136K, committed 74816K, reserved 1114112K
  class space    used 9878K, committed 10176K, reserved 1048576K
}
Event: 10.324 GC heap after
{Heap after GC invocations=26 (full 0):
 garbage-first heap   total 292864K, used 123371K [0x0000000709c00000, 0x0000000800000000)
  region size 2048K, 10 young (20480K), 10 survivors (20480K)
 Metaspace       used 74136K, committed 74816K, reserved 1114112K
  class space    used 9878K, committed 10176K, reserved 1048576K
}
Event: 10.496 GC heap before
{Heap before GC invocations=27 (full 0):
 garbage-first heap   total 292864K, used 223723K [0x0000000709c00000, 0x0000000800000000)
  region size 2048K, 65 young (133120K), 10 survivors (20480K)
 Metaspace       used 74136K, committed 74816K, reserved 1114112K
  class space    used 9878K, committed 10176K, reserved 1048576K
}
Event: 10.522 GC heap after
{Heap after GC invocations=28 (full 0):
 garbage-first heap   total 292864K, used 142352K [0x0000000709c00000, 0x0000000800000000)
  region size 2048K, 9 young (18432K), 9 survivors (18432K)
 Metaspace       used 74136K, committed 74816K, reserved 1114112K
  class space    used 9878K, committed 10176K, reserved 1048576K
}
Event: 10.644 GC heap before
{Heap before GC invocations=28 (full 0):
 garbage-first heap   total 292864K, used 232464K [0x0000000709c00000, 0x0000000800000000)
  region size 2048K, 53 young (108544K), 9 survivors (18432K)
 Metaspace       used 74136K, committed 74816K, reserved 1114112K
  class space    used 9878K, committed 10176K, reserved 1048576K
}
Event: 10.678 GC heap after
{Heap after GC invocations=29 (full 0):
 garbage-first heap   total 292864K, used 153040K [0x0000000709c00000, 0x0000000800000000)
  region size 2048K, 7 young (14336K), 7 survivors (14336K)
 Metaspace       used 74136K, committed 74816K, reserved 1114112K
  class space    used 9878K, committed 10176K, reserved 1048576K
}
Event: 10.766 GC heap before
{Heap before GC invocations=29 (full 0):
 garbage-first heap   total 292864K, used 218576K [0x0000000709c00000, 0x0000000800000000)
  region size 2048K, 40 young (81920K), 7 survivors (14336K)
 Metaspace       used 74136K, committed 74816K, reserved 1114112K
  class space    used 9878K, committed 10176K, reserved 1048576K
}

