# JRE version: OpenJDK Runtime Environment Zulu21.40+17-CA (21.0.6+7) (build 21.0.6+7-LTS)
# Java VM: OpenJDK 64-Bit Server VM Zulu21.40+17-CA (21.0.6+7-LTS, mixed mode, sharing, tiered, compressed oops, compressed class ptrs, g1 gc, windows-amd64)
GC Precious Log:
 CardTable entry size: 512
 Card Set container configuration: InlinePtr #cards 4 size 8 Array Of Cards #cards 16 size 48 Howl #buckets 8 coarsen threshold 3686 Howl Bitmap #cards 512 size 80 coarsen threshold 460 Card regions per heap region 1 cards per card region 4096
 CPUs: 12 total, 12 available
 Memory: 15753M
 Large Page Support: Disabled
 NUMA Support: Disabled
 Compressed Oops: Enabled (Zero based)
 Heap Region Size: 2M
 Heap Min Capacity: 8M
 Heap Initial Capacity: 248M
 Heap Max Capacity: 3940M
 Pre-touch: Disabled
 Parallel Workers: 10
 Concurrent Workers: 3
 Concurrent Refinement Workers: 10
 Periodic GC: Disabled
Heap:
 garbage-first heap   total 79872K, used 48485K [0x0000000709c00000, 0x0000000800000000)
  region size 2048K, 15 young (30720K), 3 survivors (6144K)
 Metaspace       used 72442K, committed 73152K, reserved 1114112K
  class space    used 9348K, committed 9664K, reserved 1048576K
GC Heap History (20 events):
Event: 1.384 GC heap before
{Heap before GC invocations=0 (full 0):
 garbage-first heap   total 253952K, used 20480K [0x0000000709c00000, 0x0000000800000000)
  region size 2048K, 11 young (22528K), 0 survivors (0K)
 Metaspace       used 5919K, committed 6144K, reserved 1114112K
  class space    used 646K, committed 768K, reserved 1048576K
}
Event: 1.391 GC heap after
{Heap after GC invocations=1 (full 0):
 garbage-first heap   total 253952K, used 6960K [0x0000000709c00000, 0x0000000800000000)
  region size 2048K, 2 young (4096K), 2 survivors (4096K)
 Metaspace       used 5919K, committed 6144K, reserved 1114112K
  class space    used 646K, committed 768K, reserved 1048576K
}
Event: 2.223 GC heap before
{Heap before GC invocations=1 (full 0):
 garbage-first heap   total 253952K, used 29488K [0x0000000709c00000, 0x0000000800000000)
  region size 2048K, 14 young (28672K), 2 survivors (4096K)
 Metaspace       used 12465K, committed 12800K, reserved 1114112K
  class space    used 1448K, committed 1600K, reserved 1048576K
}
Event: 2.231 GC heap after
{Heap after GC invocations=2 (full 0):
 garbage-first heap   total 253952K, used 9567K [0x0000000709c00000, 0x0000000800000000)
  region size 2048K, 2 young (4096K), 2 survivors (4096K)
 Metaspace       used 12465K, committed 12800K, reserved 1114112K
  class space    used 1448K, committed 1600K, reserved 1048576K
}
Event: 5.092 GC heap before
{Heap before GC invocations=2 (full 0):
 garbage-first heap   total 253952K, used 54623K [0x0000000709c00000, 0x0000000800000000)
  region size 2048K, 25 young (51200K), 2 survivors (4096K)
 Metaspace       used 21207K, committed 21504K, reserved 1114112K
  class space    used 2488K, committed 2624K, reserved 1048576K
}
Event: 5.101 GC heap after
{Heap after GC invocations=3 (full 0):
 garbage-first heap   total 253952K, used 13646K [0x0000000709c00000, 0x0000000800000000)
  region size 2048K, 4 young (8192K), 4 survivors (8192K)
 Metaspace       used 21207K, committed 21504K, reserved 1114112K
  class space    used 2488K, committed 2624K, reserved 1048576K
}
Event: 7.254 GC heap before
{Heap before GC invocations=4 (full 0):
 garbage-first heap   total 55296K, used 52558K [0x0000000709c00000, 0x0000000800000000)
  region size 2048K, 23 young (47104K), 4 survivors (8192K)
 Metaspace       used 28509K, committed 28992K, reserved 1114112K
  class space    used 3471K, committed 3712K, reserved 1048576K
}
Event: 7.270 GC heap after
{Heap after GC invocations=5 (full 0):
 garbage-first heap   total 65536K, used 17217K [0x0000000709c00000, 0x0000000800000000)
  region size 2048K, 5 young (10240K), 5 survivors (10240K)
 Metaspace       used 28509K, committed 28992K, reserved 1114112K
  class space    used 3471K, committed 3712K, reserved 1048576K
}
Event: 8.540 GC heap before
{Heap before GC invocations=5 (full 0):
 garbage-first heap   total 65536K, used 45889K [0x0000000709c00000, 0x0000000800000000)
  region size 2048K, 19 young (38912K), 5 survivors (10240K)
 Metaspace       used 34996K, committed 35584K, reserved 1114112K
  class space    used 4341K, committed 4608K, reserved 1048576K
}
Event: 8.553 GC heap after
{Heap after GC invocations=6 (full 0):
 garbage-first heap   total 65536K, used 19714K [0x0000000709c00000, 0x0000000800000000)
  region size 2048K, 2 young (4096K), 2 survivors (4096K)
 Metaspace       used 34996K, committed 35584K, reserved 1114112K
  class space    used 4341K, committed 4608K, reserved 1048576K
}
Event: 8.610 GC heap before
{Heap before GC invocations=6 (full 0):
 garbage-first heap   total 65536K, used 19714K [0x0000000709c00000, 0x0000000800000000)
  region size 2048K, 3 young (6144K), 2 survivors (4096K)
 Metaspace       used 35433K, committed 35968K, reserved 1114112K
  class space    used 4406K, committed 4672K, reserved 1048576K
}
Event: 8.613 GC heap after
{Heap after GC invocations=7 (full 0):
 garbage-first heap   total 65536K, used 18718K [0x0000000709c00000, 0x0000000800000000)
  region size 2048K, 1 young (2048K), 1 survivors (2048K)
 Metaspace       used 35433K, committed 35968K, reserved 1114112K
  class space    used 4406K, committed 4672K, reserved 1048576K
}
Event: 10.442 GC heap before
{Heap before GC invocations=8 (full 0):
 garbage-first heap   total 65536K, used 51486K [0x0000000709c00000, 0x0000000800000000)
  region size 2048K, 17 young (34816K), 1 survivors (2048K)
 Metaspace       used 47727K, committed 48256K, reserved 1114112K
  class space    used 5973K, committed 6208K, reserved 1048576K
}
Event: 10.448 GC heap after
{Heap after GC invocations=9 (full 0):
 garbage-first heap   total 79872K, used 21933K [0x0000000709c00000, 0x0000000800000000)
  region size 2048K, 3 young (6144K), 3 survivors (6144K)
 Metaspace       used 47727K, committed 48256K, reserved 1114112K
  class space    used 5973K, committed 6208K, reserved 1048576K
}
Event: 11.968 GC heap before
{Heap before GC invocations=9 (full 0):
 garbage-first heap   total 79872K, used 60845K [0x0000000709c00000, 0x0000000800000000)
  region size 2048K, 23 young (47104K), 3 survivors (6144K)
 Metaspace       used 59155K, committed 59776K, reserved 1114112K
  class space    used 7580K, committed 7872K, reserved 1048576K
}
Event: 11.979 GC heap after
{Heap after GC invocations=10 (full 0):
 garbage-first heap   total 79872K, used 23957K [0x0000000709c00000, 0x0000000800000000)
  region size 2048K, 2 young (4096K), 2 survivors (4096K)
 Metaspace       used 59155K, committed 59776K, reserved 1114112K
  class space    used 7580K, committed 7872K, reserved 1048576K
}
Event: 12.054 GC heap before
{Heap before GC invocations=10 (full 0):
 garbage-first heap   total 79872K, used 26005K [0x0000000709c00000, 0x0000000800000000)
  region size 2048K, 4 young (8192K), 2 survivors (4096K)
 Metaspace       used 59823K, committed 60416K, reserved 1114112K
  class space    used 7676K, committed 7936K, reserved 1048576K
}
Event: 12.058 GC heap after
{Heap after GC invocations=11 (full 0):
 garbage-first heap   total 79872K, used 23944K [0x0000000709c00000, 0x0000000800000000)
  region size 2048K, 2 young (4096K), 2 survivors (4096K)
 Metaspace       used 59823K, committed 60416K, reserved 1114112K
  class space    used 7676K, committed 7936K, reserved 1048576K
}
Event: 14.055 GC heap before
{Heap before GC invocations=12 (full 0):
 garbage-first heap   total 79872K, used 66952K [0x0000000709c00000, 0x0000000800000000)
  region size 2048K, 23 young (47104K), 2 survivors (4096K)
 Metaspace       used 67371K, committed 68032K, reserved 1114112K
  class space    used 8666K, committed 8960K, reserved 1048576K
}
Event: 14.062 GC heap after
{Heap after GC invocations=13 (full 0):
 garbage-first heap   total 79872K, used 28005K [0x0000000709c00000, 0x0000000800000000)
  region size 2048K, 3 young (6144K), 3 survivors (6144K)
 Metaspace       used 67371K, committed 68032K, reserved 1114112K
  class space    used 8666K, committed 8960K, reserved 1048576K
}

